#
# There is insufficient memory for the Java Runtime Environment to continue.
# Native memory allocation (malloc) failed to allocate 1696032 bytes for Chunk::new
# Possible reasons:
#   The system is out of physical RAM or swap space
#   The process is running with CompressedOops enabled, and the Java Heap may be blocking the growth of the native heap
# Possible solutions:
#   Reduce memory load on the system
#   Increase physical memory or swap space
#   Check if swap backing store is full
#   Decrease Java heap size (-Xmx/-Xms)
#   Decrease number of Java threads
#   Decrease Java thread stack sizes (-Xss)
#   Set larger code cache with -XX:ReservedCodeCacheSize=
#   JVM is running with Unscaled Compressed Oops mode in which the Java heap is
#     placed in the first 4GB address space. The Java Heap base address is the
#     maximum limit for the native heap growth. Please use -XX:HeapBaseMinAddress
#     to set the Java Heap base and to place the Java Heap above 4GB virtual address.
# This output file may be truncated or incomplete.
#
#  Out of Memory Error (allocation.cpp:389), pid=2116, tid=0x0000000000004864
#
# JRE version: Java(TM) SE Runtime Environment (8.0_241-b07) (build 1.8.0_241-b07)
# Java VM: Java HotSpot(TM) 64-Bit Server VM (25.241-b07 mixed mode windows-amd64 compressed oops)
# Failed to write core dump. Minidumps are not enabled by default on client versions of Windows
#

---------------  T H R E A D  ---------------

Current thread (0x00000000176f6800):  JavaThread "C2 CompilerThread1" daemon [_thread_in_native, id=18532, stack(0x0000000019340000,0x0000000019440000)]

Stack: [0x0000000019340000,0x0000000019440000]
[error occurred during error reporting (printing stack bounds), id 0xc0000005]

Native frames: (J=compiled Java code, j=interpreted, Vv=VM code, C=native code)


Current CompileTask:
C2:   9614 4057       4       com.sun.beans.TypeResolver::resolve (37 bytes)


---------------  P R O C E S S  ---------------

Java Threads: ( => current thread )
  0x0000000018dd6800 JavaThread "Service Thread" daemon [_thread_blocked, id=4252, stack(0x0000000019540000,0x0000000019640000)]
  0x000000001771d000 JavaThread "C1 CompilerThread2" daemon [_thread_blocked, id=15812, stack(0x0000000019440000,0x0000000019540000)]
=>0x00000000176f6800 JavaThread "C2 CompilerThread1" daemon [_thread_in_native, id=18532, stack(0x0000000019340000,0x0000000019440000)]
  0x0000000018d83000 JavaThread "C2 CompilerThread0" daemon [_thread_in_native, id=15796, stack(0x0000000019240000,0x0000000019340000)]
  0x00000000176f3000 JavaThread "Monitor Ctrl-Break" daemon [_thread_in_native, id=10304, stack(0x0000000019140000,0x0000000019240000)]
  0x00000000176d7000 JavaThread "Attach Listener" daemon [_thread_blocked, id=15904, stack(0x0000000018c40000,0x0000000018d40000)]
  0x00000000176d3800 JavaThread "Signal Dispatcher" daemon [_thread_blocked, id=13176, stack(0x0000000018b40000,0x0000000018c40000)]
  0x00000000176b0000 JavaThread "Finalizer" daemon [_thread_blocked, id=5096, stack(0x0000000018910000,0x0000000018a10000)]
  0x00000000176a9000 JavaThread "Reference Handler" daemon [_thread_blocked, id=19396, stack(0x0000000018810000,0x0000000018910000)]
  0x0000000002912000 JavaThread "main" [_thread_in_Java, id=14036, stack(0x0000000002780000,0x0000000002880000)]

Other Threads:
  0x0000000017687800 VMThread [stack: 0x0000000018710000,0x0000000018810000] [id=3616]
  0x0000000018e69000 WatcherThread [stack: 0x0000000019640000,0x0000000019740000] [id=3984]

VM state:not at safepoint (normal execution)

VM Mutex/Monitor currently owned by a thread: None

heap address: 0x0000000081c00000, size: 2020 MB, Compressed Oops mode: 32-bit
Narrow klass base: 0x0000000000000000, Narrow klass shift: 3
Compressed class space size: 1073741824 Address: 0x0000000100000000

Heap:
 PSYoungGen      total 233984K, used 211423K [0x00000000d5f00000, 0x00000000e5480000, 0x0000000100000000)
  eden space 220672K, 95% used [0x00000000d5f00000,0x00000000e2d77c10,0x00000000e3680000)
  from space 13312K, 0% used [0x00000000e4700000,0x00000000e4700000,0x00000000e5400000)
  to   space 15360K, 0% used [0x00000000e3680000,0x00000000e3680000,0x00000000e4580000)
 ParOldGen       total 88576K, used 18628K [0x0000000081c00000, 0x0000000087280000, 0x00000000d5f00000)
  object space 88576K, 21% used [0x0000000081c00000,0x0000000082e31268,0x0000000087280000)
 Metaspace       used 38553K, capacity 40725K, committed 40960K, reserved 1085440K
  class space    used 5465K, capacity 5873K, committed 5888K, reserved 1048576K

Card table byte_map: [0x0000000011f50000,0x0000000012350000] byte_map_base: 0x0000000011b42000

Marking Bits: (ParMarkBitMap*) 0x000000006764be30
 Begin Bits: [0x0000000012a00000, 0x0000000014990000)
 End Bits:   [0x0000000014990000, 0x0000000016920000)

Polling page: 0x0000000000a50000

CodeCache: size=245760Kb used=13768Kb max_used=13768Kb free=231991Kb
 bounds [0x0000000002b90000, 0x0000000003910000, 0x0000000011b90000]
 total_blobs=4284 nmethods=3868 adapters=328
 compilation: enabled

Compilation events (10 events):
Event: 9.600 Thread 0x000000001771d000 nmethod 4155 0x00000000038f9d90 code [0x00000000038f9f20, 0x00000000038fa358]
Event: 9.601 Thread 0x000000001771d000 4156   !   3       com.sun.proxy.$Proxy34::annotationType (29 bytes)
Event: 9.601 Thread 0x000000001771d000 nmethod 4156 0x00000000038fc450 code [0x00000000038fc5e0, 0x00000000038fca18]
Event: 9.601 Thread 0x000000001771d000 4157       3       org.springframework.core.annotation.AnnotationsScanner::isOverride (38 bytes)
Event: 9.602 Thread 0x0000000018d83000 4160   !   4       org.springframework.core.annotation.AnnotationsScanner::processClassHierarchy (227 bytes)
Event: 9.602 Thread 0x000000001771d000 nmethod 4157 0x00000000038fbbd0 code [0x00000000038fbd60, 0x00000000038fc2d8]
Event: 9.602 Thread 0x000000001771d000 4158       3       org.springframework.core.annotation.AnnotationsScanner::getBaseTypeMethods (145 bytes)
Event: 9.603 Thread 0x000000001771d000 nmethod 4158 0x000000000390bbd0 code [0x000000000390be60, 0x000000000390cef8]
Event: 9.603 Thread 0x000000001771d000 4159   !   3       com.sun.proxy.$Proxy81::annotationType (29 bytes)
Event: 9.604 Thread 0x000000001771d000 nmethod 4159 0x000000000390a910 code [0x000000000390aaa0, 0x000000000390aed8]

GC Heap History (10 events):
Event: 3.738 GC heap before
{Heap before GC invocations=4 (full 0):
 PSYoungGen      total 71680K, used 36284K [0x00000000d5f00000, 0x00000000deb00000, 0x0000000100000000)
  eden space 66560K, 46% used [0x00000000d5f00000,0x00000000d7d743a8,0x00000000da000000)
  from space 5120K, 99% used [0x00000000da000000,0x00000000da4faca8,0x00000000da500000)
  to   space 5120K, 0% used [0x00000000de600000,0x00000000de600000,0x00000000deb00000)
 ParOldGen       total 87552K, used 3740K [0x0000000081c00000, 0x0000000087180000, 0x00000000d5f00000)
  object space 87552K, 4% used [0x0000000081c00000,0x0000000081fa7148,0x0000000087180000)
 Metaspace       used 19792K, capacity 21189K, committed 21296K, reserved 1067008K
  class space    used 2663K, capacity 2944K, committed 2944K, reserved 1048576K
Event: 3.747 GC heap after
Heap after GC invocations=4 (full 0):
 PSYoungGen      total 138240K, used 5106K [0x00000000d5f00000, 0x00000000deb00000, 0x0000000100000000)
  eden space 133120K, 0% used [0x00000000d5f00000,0x00000000d5f00000,0x00000000de100000)
  from space 5120K, 99% used [0x00000000de600000,0x00000000deafc8b0,0x00000000deb00000)
  to   space 5120K, 0% used [0x00000000de100000,0x00000000de100000,0x00000000de600000)
 ParOldGen       total 87552K, used 5396K [0x0000000081c00000, 0x0000000087180000, 0x00000000d5f00000)
  object space 87552K, 6% used [0x0000000081c00000,0x00000000821452f8,0x0000000087180000)
 Metaspace       used 19792K, capacity 21189K, committed 21296K, reserved 1067008K
  class space    used 2663K, capacity 2944K, committed 2944K, reserved 1048576K
}
Event: 3.747 GC heap before
{Heap before GC invocations=5 (full 1):
 PSYoungGen      total 138240K, used 5106K [0x00000000d5f00000, 0x00000000deb00000, 0x0000000100000000)
  eden space 133120K, 0% used [0x00000000d5f00000,0x00000000d5f00000,0x00000000de100000)
  from space 5120K, 99% used [0x00000000de600000,0x00000000deafc8b0,0x00000000deb00000)
  to   space 5120K, 0% used [0x00000000de100000,0x00000000de100000,0x00000000de600000)
 ParOldGen       total 87552K, used 5396K [0x0000000081c00000, 0x0000000087180000, 0x00000000d5f00000)
  object space 87552K, 6% used [0x0000000081c00000,0x00000000821452f8,0x0000000087180000)
 Metaspace       used 19792K, capacity 21189K, committed 21296K, reserved 1067008K
  class space    used 2663K, capacity 2944K, committed 2944K, reserved 1048576K
Event: 3.781 GC heap after
Heap after GC invocations=5 (full 1):
 PSYoungGen      total 138240K, used 0K [0x00000000d5f00000, 0x00000000deb00000, 0x0000000100000000)
  eden space 133120K, 0% used [0x00000000d5f00000,0x00000000d5f00000,0x00000000de100000)
  from space 5120K, 0% used [0x00000000de600000,0x00000000de600000,0x00000000deb00000)
  to   space 5120K, 0% used [0x00000000de100000,0x00000000de100000,0x00000000de600000)
 ParOldGen       total 53760K, used 6605K [0x0000000081c00000, 0x0000000085080000, 0x00000000d5f00000)
  object space 53760K, 12% used [0x0000000081c00000,0x00000000822736c0,0x0000000085080000)
 Metaspace       used 19792K, capacity 21189K, committed 21296K, reserved 1067008K
  class space    used 2663K, capacity 2944K, committed 2944K, reserved 1048576K
}
Event: 5.035 GC heap before
{Heap before GC invocations=6 (full 1):
 PSYoungGen      total 138240K, used 133120K [0x00000000d5f00000, 0x00000000deb00000, 0x0000000100000000)
  eden space 133120K, 100% used [0x00000000d5f00000,0x00000000de100000,0x00000000de100000)
  from space 5120K, 0% used [0x00000000de600000,0x00000000de600000,0x00000000deb00000)
  to   space 5120K, 0% used [0x00000000de100000,0x00000000de100000,0x00000000de600000)
 ParOldGen       total 53760K, used 6605K [0x0000000081c00000, 0x0000000085080000, 0x00000000d5f00000)
  object space 53760K, 12% used [0x0000000081c00000,0x00000000822736c0,0x0000000085080000)
 Metaspace       used 26326K, capacity 27903K, committed 28032K, reserved 1073152K
  class space    used 3530K, capacity 3846K, committed 3968K, reserved 1048576K
Event: 5.057 GC heap after
Heap after GC invocations=6 (full 1):
 PSYoungGen      total 138240K, used 5119K [0x00000000d5f00000, 0x00000000e5400000, 0x0000000100000000)
  eden space 133120K, 0% used [0x00000000d5f00000,0x00000000d5f00000,0x00000000de100000)
  from space 5120K, 99% used [0x00000000de100000,0x00000000de5ffd68,0x00000000de600000)
  to   space 13312K, 0% used [0x00000000e4700000,0x00000000e4700000,0x00000000e5400000)
 ParOldGen       total 53760K, used 14567K [0x0000000081c00000, 0x0000000085080000, 0x00000000d5f00000)
  object space 53760K, 27% used [0x0000000081c00000,0x0000000082a39d48,0x0000000085080000)
 Metaspace       used 26326K, capacity 27903K, committed 28032K, reserved 1073152K
  class space    used 3530K, capacity 3846K, committed 3968K, reserved 1048576K
}
Event: 6.608 GC heap before
{Heap before GC invocations=7 (full 1):
 PSYoungGen      total 138240K, used 115466K [0x00000000d5f00000, 0x00000000e5400000, 0x0000000100000000)
  eden space 133120K, 82% used [0x00000000d5f00000,0x00000000dcac2b58,0x00000000de100000)
  from space 5120K, 99% used [0x00000000de100000,0x00000000de5ffd68,0x00000000de600000)
  to   space 13312K, 0% used [0x00000000e4700000,0x00000000e4700000,0x00000000e5400000)
 ParOldGen       total 53760K, used 14567K [0x0000000081c00000, 0x0000000085080000, 0x00000000d5f00000)
  object space 53760K, 27% used [0x0000000081c00000,0x0000000082a39d48,0x0000000085080000)
 Metaspace       used 33703K, capacity 35473K, committed 35496K, reserved 1079296K
  class space    used 4766K, capacity 5119K, committed 5120K, reserved 1048576K
Event: 6.625 GC heap after
Heap after GC invocations=7 (full 1):
 PSYoungGen      total 233984K, used 12613K [0x00000000d5f00000, 0x00000000e5480000, 0x0000000100000000)
  eden space 220672K, 0% used [0x00000000d5f00000,0x00000000d5f00000,0x00000000e3680000)
  from space 13312K, 94% used [0x00000000e4700000,0x00000000e5351728,0x00000000e5400000)
  to   space 15360K, 0% used [0x00000000e3680000,0x00000000e3680000,0x00000000e4580000)
 ParOldGen       total 53760K, used 14575K [0x0000000081c00000, 0x0000000085080000, 0x00000000d5f00000)
  object space 53760K, 27% used [0x0000000081c00000,0x0000000082a3bd48,0x0000000085080000)
 Metaspace       used 33703K, capacity 35473K, committed 35496K, reserved 1079296K
  class space    used 4766K, capacity 5119K, committed 5120K, reserved 1048576K
}
Event: 6.625 GC heap before
{Heap before GC invocations=8 (full 2):
 PSYoungGen      total 233984K, used 12613K [0x00000000d5f00000, 0x00000000e5480000, 0x0000000100000000)
  eden space 220672K, 0% used [0x00000000d5f00000,0x00000000d5f00000,0x00000000e3680000)
  from space 13312K, 94% used [0x00000000e4700000,0x00000000e5351728,0x00000000e5400000)
  to   space 15360K, 0% used [0x00000000e3680000,0x00000000e3680000,0x00000000e4580000)
 ParOldGen       total 53760K, used 14575K [0x0000000081c00000, 0x0000000085080000, 0x00000000d5f00000)
  object space 53760K, 27% used [0x0000000081c00000,0x0000000082a3bd48,0x0000000085080000)
 Metaspace       used 33703K, capacity 35473K, committed 35496K, reserved 1079296K
  class space    used 4766K, capacity 5119K, committed 5120K, reserved 1048576K
Event: 6.674 GC heap after
Heap after GC invocations=8 (full 2):
 PSYoungGen      total 233984K, used 0K [0x00000000d5f00000, 0x00000000e5480000, 0x0000000100000000)
  eden space 220672K, 0% used [0x00000000d5f00000,0x00000000d5f00000,0x00000000e3680000)
  from space 13312K, 0% used [0x00000000e4700000,0x00000000e4700000,0x00000000e5400000)
  to   space 15360K, 0% used [0x00000000e3680000,0x00000000e3680000,0x00000000e4580000)
 ParOldGen       total 88576K, used 18628K [0x0000000081c00000, 0x0000000087280000, 0x00000000d5f00000)
  object space 88576K, 21% used [0x0000000081c00000,0x0000000082e31268,0x0000000087280000)
 Metaspace       used 33703K, capacity 35473K, committed 35496K, reserved 1079296K
  class space    used 4766K, capacity 5119K, committed 5120K, reserved 1048576K
}

Deoptimization events (10 events):
Event: 8.006 Thread 0x0000000002912000 Uncommon trap: reason=unstable_if action=reinterpret pc=0x0000000002ca4b8c method=java.util.WeakHashMap.put(Ljava/lang/Object;Ljava/lang/Object;)Ljava/lang/Object; @ 47
Event: 8.056 Thread 0x0000000002912000 Uncommon trap: reason=unstable_if action=reinterpret pc=0x00000000032c75d0 method=org.springframework.util.AntPathMatcher.skipSegment(Ljava/lang/String;ILjava/lang/String;)I @ 60
Event: 8.489 Thread 0x0000000002912000 Uncommon trap: reason=unstable_if action=reinterpret pc=0x00000000037b3b10 method=org.springframework.core.BridgeMethodResolver.isVisibilityBridgeMethodPair(Ljava/lang/reflect/Method;Ljava/lang/reflect/Method;)Z @ 43
Event: 9.231 Thread 0x0000000002912000 Uncommon trap: reason=unstable_if action=reinterpret pc=0x00000000038592a4 method=java.lang.ThreadLocal$ThreadLocalMap.nextIndex(II)I @ 4
Event: 9.421 Thread 0x0000000002912000 Uncommon trap: reason=unstable_if action=reinterpret pc=0x00000000031932dc method=java.io.WinNTFileSystem.isLetter(C)Z @ 3
Event: 9.518 Thread 0x0000000002912000 Uncommon trap: reason=bimorphic action=maybe_recompile pc=0x0000000003732cb0 method=org.springframework.core.SerializableTypeWrapper.unwrap(Ljava/lang/reflect/Type;)Ljava/lang/reflect/Type; @ 18
Event: 9.520 Thread 0x0000000002912000 Uncommon trap: reason=unstable_if action=reinterpret pc=0x00000000037a3934 method=org.springframework.core.ResolvableType.resolveType()Lorg/springframework/core/ResolvableType; @ 37
Event: 9.520 Thread 0x0000000002912000 Uncommon trap: reason=class_check action=maybe_recompile pc=0x0000000003732ccc method=org.springframework.core.SerializableTypeWrapper.unwrap(Ljava/lang/reflect/Type;)Ljava/lang/reflect/Type; @ 10
Event: 9.534 Thread 0x0000000002912000 Uncommon trap: reason=bimorphic action=maybe_recompile pc=0x0000000003732cb0 method=org.springframework.core.SerializableTypeWrapper.unwrap(Ljava/lang/reflect/Type;)Ljava/lang/reflect/Type; @ 18
Event: 9.534 Thread 0x0000000002912000 Uncommon trap: reason=class_check action=maybe_recompile pc=0x0000000003732ccc method=org.springframework.core.SerializableTypeWrapper.unwrap(Ljava/lang/reflect/Type;)Ljava/lang/reflect/Type; @ 10

Classes redefined (0 events):
No events

Internal exceptions (10 events):
Event: 9.583 Thread 0x0000000002912000 Exception <a 'java/lang/ClassNotFoundException': java/lang/ObjectCustomizer> (0x00000000e27e89a0) thrown at [C:\ade\jenkins\workspace\8-2-build-windows-amd64-cygwin\jdk8u241\331\hotspot\src\share\vm\classfile\systemDictionary.cpp, line 210]
Event: 9.584 Thread 0x0000000002912000 Exception <a 'java/lang/ClassNotFoundException': org/springframework/boot/autoconfigure/jackson/JacksonAutoConfigurationCustomizer> (0x00000000e281aaf0) thrown at [C:\ade\jenkins\workspace\8-2-build-windows-amd64-cygwin\jdk8u241\331\hotspot\src\share\vm\c
Event: 9.593 Thread 0x0000000002912000 Exception <a 'java/lang/ClassNotFoundException': org/springframework/boot/jackson/JsonComponentModuleBeanInfo> (0x00000000e286a4b8) thrown at [C:\ade\jenkins\workspace\8-2-build-windows-amd64-cygwin\jdk8u241\331\hotspot\src\share\vm\classfile\systemDictio
Event: 9.595 Thread 0x0000000002912000 Exception <a 'java/lang/ClassNotFoundException': org/springframework/boot/jackson/JsonComponentModuleCustomizer> (0x00000000e2890460) thrown at [C:\ade\jenkins\workspace\8-2-build-windows-amd64-cygwin\jdk8u241\331\hotspot\src\share\vm\classfile\systemDict
Event: 9.597 Thread 0x0000000002912000 Exception <a 'java/lang/ClassNotFoundException': org/springframework/beans/factory/BeanFactoryAwareCustomizer> (0x00000000e28cfa60) thrown at [C:\ade\jenkins\workspace\8-2-build-windows-amd64-cygwin\jdk8u241\331\hotspot\src\share\vm\classfile\systemDictio
Event: 9.598 Thread 0x0000000002912000 Exception <a 'java/lang/ClassNotFoundException': org/springframework/beans/factory/AwareCustomizer> (0x00000000e28f1cd0) thrown at [C:\ade\jenkins\workspace\8-2-build-windows-amd64-cygwin\jdk8u241\331\hotspot\src\share\vm\classfile\systemDictionary.cpp, l
Event: 9.599 Thread 0x0000000002912000 Exception <a 'java/lang/ClassNotFoundException': com/fasterxml/jackson/core/VersionedCustomizer> (0x00000000e29116f8) thrown at [C:\ade\jenkins\workspace\8-2-build-windows-amd64-cygwin\jdk8u241\331\hotspot\src\share\vm\classfile\systemDictionary.cpp, line
Event: 9.603 Thread 0x0000000002912000 Exception <a 'java/lang/ClassNotFoundException': java/lang/ObjectCustomizer> (0x00000000e29424d8) thrown at [C:\ade\jenkins\workspace\8-2-build-windows-amd64-cygwin\jdk8u241\331\hotspot\src\share\vm\classfile\systemDictionary.cpp, line 210]
Event: 9.605 Thread 0x0000000002912000 Exception <a 'java/lang/ClassNotFoundException': org/springframework/data/web/config/SpringDataJacksonConfigurationCustomizer> (0x00000000e2972a60) thrown at [C:\ade\jenkins\workspace\8-2-build-windows-amd64-cygwin\jdk8u241\331\hotspot\src\share\vm\classf
Event: 9.607 Thread 0x0000000002912000 Exception <a 'java/lang/ClassNotFoundException': org/springframework/data/web/config/SpringDataJacksonModulesCustomizer> (0x00000000e299eed0) thrown at [C:\ade\jenkins\workspace\8-2-build-windows-amd64-cygwin\jdk8u241\331\hotspot\src\share\vm\classfile\sy

Events (10 events):
Event: 9.609 loading class org/springframework/data/geo/GeoModule$PointMixin
Event: 9.609 loading class org/springframework/data/geo/GeoModule$PointMixin done
Event: 9.610 loading class org/springframework/data/geo/Box
Event: 9.610 loading class org/springframework/data/geo/Box done
Event: 9.610 loading class org/springframework/data/geo/Shape
Event: 9.610 loading class org/springframework/data/geo/Shape done
Event: 9.611 loading class org/springframework/data/geo/GeoModule$BoxMixin
Event: 9.611 loading class org/springframework/data/geo/GeoModule$BoxMixin done
Event: 9.611 loading class org/springframework/data/geo/Circle
Event: 9.611 loading class org/springframework/data/geo/Circle done


Dynamic libraries:
0x00007ff66ca00000 - 0x00007ff66ca37000 	C:\Program Files\Java\jdk1.8.0_241\bin\java.exe
0x00007ff9cc030000 - 0x00007ff9cc226000 	C:\WINDOWS\SYSTEM32\ntdll.dll
0x00007ff9cb4f0000 - 0x00007ff9cb5ad000 	C:\WINDOWS\System32\KERNEL32.DLL
0x00007ff9c99a0000 - 0x00007ff9c9c69000 	C:\WINDOWS\System32\KERNELBASE.dll
0x00007ff9cbd20000 - 0x00007ff9cbdcc000 	C:\WINDOWS\System32\ADVAPI32.dll
0x00007ff9ca4b0000 - 0x00007ff9ca54e000 	C:\WINDOWS\System32\msvcrt.dll
0x00007ff9ca630000 - 0x00007ff9ca6cc000 	C:\WINDOWS\System32\sechost.dll
0x00007ff9ca370000 - 0x00007ff9ca49b000 	C:\WINDOWS\System32\RPCRT4.dll
0x00007ff9cb5b0000 - 0x00007ff9cb750000 	C:\WINDOWS\System32\USER32.dll
0x00007ff9c9d20000 - 0x00007ff9c9d42000 	C:\WINDOWS\System32\win32u.dll
0x00007ff9ca160000 - 0x00007ff9ca18a000 	C:\WINDOWS\System32\GDI32.dll
0x00007ff9c9890000 - 0x00007ff9c999b000 	C:\WINDOWS\System32\gdi32full.dll
0x00007ff9c97f0000 - 0x00007ff9c988d000 	C:\WINDOWS\System32\msvcp_win.dll
0x00007ff9c9e00000 - 0x00007ff9c9f00000 	C:\WINDOWS\System32\ucrtbase.dll
0x00007ff9b6ad0000 - 0x00007ff9b6d6b000 	C:\WINDOWS\WinSxS\amd64_microsoft.windows.common-controls_6595b64144ccf1df_6.0.19041.746_none_ca02b4b61b8320a4\COMCTL32.dll
0x00007ff9cbdd0000 - 0x00007ff9cbe00000 	C:\WINDOWS\System32\IMM32.DLL
0x00000000676d0000 - 0x00000000677a2000 	C:\Program Files\Java\jdk1.8.0_241\jre\bin\msvcr100.dll
0x0000000066e20000 - 0x00000000676cc000 	C:\Program Files\Java\jdk1.8.0_241\jre\bin\server\jvm.dll
0x00007ff9ca4a0000 - 0x00007ff9ca4a8000 	C:\WINDOWS\System32\PSAPI.DLL
0x00007ff9c7780000 - 0x00007ff9c7789000 	C:\WINDOWS\SYSTEM32\WSOCK32.dll
0x00007ff9cbcb0000 - 0x00007ff9cbd1b000 	C:\WINDOWS\System32\WS2_32.dll
0x00007ff9bc1e0000 - 0x00007ff9bc207000 	C:\WINDOWS\SYSTEM32\WINMM.dll
0x00007ff9be7d0000 - 0x00007ff9be7da000 	C:\WINDOWS\SYSTEM32\VERSION.dll
0x00007ff9bf880000 - 0x00007ff9bf88f000 	C:\Program Files\Java\jdk1.8.0_241\jre\bin\verify.dll
0x00007ff98e790000 - 0x00007ff98e7b9000 	C:\Program Files\Java\jdk1.8.0_241\jre\bin\java.dll
0x00007ff98e6c0000 - 0x00007ff98e6e3000 	C:\Program Files\Java\jdk1.8.0_241\jre\bin\instrument.dll
0x00007ff99cd80000 - 0x00007ff99cd96000 	C:\Program Files\Java\jdk1.8.0_241\jre\bin\zip.dll
0x00007ff9ca890000 - 0x00007ff9cafd2000 	C:\WINDOWS\System32\SHELL32.dll
0x00007ff9c78a0000 - 0x00007ff9c8030000 	C:\WINDOWS\SYSTEM32\windows.storage.dll
0x00007ff9cb750000 - 0x00007ff9cbaa6000 	C:\WINDOWS\System32\combase.dll
0x00007ff9c9100000 - 0x00007ff9c912c000 	C:\WINDOWS\SYSTEM32\Wldp.dll
0x00007ff9ca2c0000 - 0x00007ff9ca36e000 	C:\WINDOWS\System32\SHCORE.dll
0x00007ff9cbf90000 - 0x00007ff9cbfe5000 	C:\WINDOWS\System32\shlwapi.dll
0x00007ff9c96a0000 - 0x00007ff9c96c6000 	C:\WINDOWS\SYSTEM32\profapi.dll
0x00007ff99cd00000 - 0x00007ff99cd1a000 	C:\Program Files\JetBrains\IntelliJ IDEA 2019.2.3\bin\breakgen64.dll
0x00007ff99c8b0000 - 0x00007ff99c8ca000 	C:\Program Files\Java\jdk1.8.0_241\jre\bin\net.dll
0x00007ff9c8e80000 - 0x00007ff9c8eea000 	C:\WINDOWS\system32\mswsock.dll
0x00007ff998b00000 - 0x00007ff998b12000 	C:\Program Files\Java\jdk1.8.0_241\jre\bin\nio.dll
0x00007ff9bf850000 - 0x00007ff9bf85d000 	C:\Program Files\Java\jdk1.8.0_241\jre\bin\management.dll
0x00007ff9a5cf0000 - 0x00007ff9a5d07000 	C:\WINDOWS\system32\napinsp.dll
0x00007ff9a5cd0000 - 0x00007ff9a5ceb000 	C:\WINDOWS\system32\pnrpnsp.dll
0x00007ff9a5cb0000 - 0x00007ff9a5cc5000 	C:\WINDOWS\system32\wshbth.dll
0x00007ff9c4aa0000 - 0x00007ff9c4abd000 	C:\WINDOWS\system32\NLAapi.dll
0x00007ff9c8b70000 - 0x00007ff9c8bab000 	C:\WINDOWS\SYSTEM32\IPHLPAPI.DLL
0x00007ff9c8bb0000 - 0x00007ff9c8c7b000 	C:\WINDOWS\SYSTEM32\DNSAPI.dll
0x00007ff9ca880000 - 0x00007ff9ca888000 	C:\WINDOWS\System32\NSI.dll
0x00007ff9a5c90000 - 0x00007ff9a5ca2000 	C:\WINDOWS\System32\winrnr.dll
0x00007ff9b7500000 - 0x00007ff9b750a000 	C:\Windows\System32\rasadhlp.dll
0x00007ff9b7520000 - 0x00007ff9b759f000 	C:\WINDOWS\System32\fwpuclnt.dll
0x00007ff9ca060000 - 0x00007ff9ca087000 	C:\WINDOWS\System32\bcrypt.dll
0x00007ff9c9050000 - 0x00007ff9c9068000 	C:\WINDOWS\SYSTEM32\CRYPTSP.dll
0x00007ff9c8820000 - 0x00007ff9c8854000 	C:\WINDOWS\system32\rsaenh.dll
0x00007ff9c9660000 - 0x00007ff9c968e000 	C:\WINDOWS\SYSTEM32\USERENV.dll
0x00007ff9c9770000 - 0x00007ff9c97f0000 	C:\WINDOWS\System32\bcryptprimitives.dll
0x00007ff9c9070000 - 0x00007ff9c907c000 	C:\WINDOWS\SYSTEM32\CRYPTBASE.dll
0x00007ff9be110000 - 0x00007ff9be127000 	C:\WINDOWS\SYSTEM32\dhcpcsvc6.DLL
0x00007ff9be710000 - 0x00007ff9be72d000 	C:\WINDOWS\SYSTEM32\dhcpcsvc.DLL

VM Arguments:
jvm_args: -ea -Didea.test.cyclic.buffer.size=1048576 -javaagent:C:\Program Files\JetBrains\IntelliJ IDEA 2019.2.3\lib\idea_rt.jar=52683:C:\Program Files\JetBrains\IntelliJ IDEA 2019.2.3\bin -Dfile.encoding=UTF-8 
java_command: com.intellij.rt.execution.junit.JUnitStarter -ideVersion5 -junit5 com.amboucheba.etudeDeCasWeb.Services.Unit.LocationService.CreateLocationTest
java_class_path (initial): C:\Program Files\JetBrains\IntelliJ IDEA 2019.2.3\lib\idea_rt.jar;C:\Program Files\JetBrains\IntelliJ IDEA 2019.2.3\plugins\junit\lib\junit-rt.jar;C:\Program Files\JetBrains\IntelliJ IDEA 2019.2.3\plugins\junit\lib\junit5-rt.jar;C:\Users\dell\.m2\repository\org\junit\platform\junit-platform-launcher\1.6.3\junit-platform-launcher-1.6.3.jar;C:\Users\dell\.m2\repository\org\apiguardian\apiguardian-api\1.1.0\apiguardian-api-1.1.0.jar;C:\Users\dell\.m2\repository\org\junit\platform\junit-platform-engine\1.6.3\junit-platform-engine-1.6.3.jar;C:\Users\dell\.m2\repository\org\opentest4j\opentest4j\1.2.0\opentest4j-1.2.0.jar;C:\Users\dell\.m2\repository\org\junit\platform\junit-platform-commons\1.6.3\junit-platform-commons-1.6.3.jar;C:\Program Files\Java\jdk1.8.0_241\jre\lib\charsets.jar;C:\Program Files\Java\jdk1.8.0_241\jre\lib\deploy.jar;C:\Program Files\Java\jdk1.8.0_241\jre\lib\ext\access-bridge-64.jar;C:\Program Files\Java\jdk1.8.0_241\jre\lib\ext\cldrdata.jar;C:\Program Files\Java\jdk1.8.0_241\jre\lib\ext\dnsns.jar;C:\Program Files\Java\jdk1.8.0_241\jre\lib\ext\jaccess.jar;C:\Program Files\Java\jdk1.8.0_241\jre\lib\ext\jfxrt.jar;C:\Program Files\Java\jdk1.8.0_241\jre\lib\ext\localedata.jar;C:\Program Files\Java\jdk1.8.0_241\jre\lib\ext\nashorn.jar;C:\Program Files\Java\jdk1.8.0_241\jre\lib\ext\sunec.jar;C:\Program Files\Java\jdk1.8.0_241\jre\lib\ext\sunjce_provider.jar;C:\Program Files\Java\jdk1.8.0_241\jre\lib\ext\sunmscapi.jar;C:\Program Files\Java\jdk1.8.0_241\jre\lib\ext\sunpkcs11.jar;C:\Program Files\Java\jdk1.8.0_241\jre\lib\ext\zipfs.jar;C:\Program Files\Java\jdk1.8.0_241\jre\lib\javaws.jar;C:\Program Files\Java\jdk1.8.0_241\jre\lib\jce.jar;C:\Program Files\Java\jdk1.8.0_241\jre\lib\jfr.jar;C:\Program Files\Java\jdk1.8.0_241\jre\lib\jfxswt.jar;C:\Program Files\Java\jdk1.8.0_241\jre\lib\jsse.jar;C:\Program Files\Java\jdk1.8.0_241\jre\lib\management-agent.jar;C:\Program Files\Java\jdk1.8.0_241\jre\lib\plugin.jar;C:\Program Files\Java\
Launcher Type: SUN_STANDARD

Environment Variables:
JAVA_HOME=C:\Program Files (x86)\Java\jdk1.8.0_201
PATH=C:\app\dell\product\11.2.0\dbhome_1\bin;C:\Python27\;C:\Python27\Scripts;C:\ProgramData\Oracle\Java\javapath;C:\Program Files (x86)\Common Files\Oracle\Java\javapath;C:\WINDOWS\system32;C:\WINDOWS;C:\WINDOWS\System32\Wbem;C:\WINDOWS\System32\WindowsPowerShell\v1.0\;C:\Program Files\Microsoft SQL Server\Client SDK\ODBC\110\Tools\Binn\;C:\Program Files (x86)\Microsoft SQL Server\120\Tools\Binn\;C:\Program Files\Microsoft SQL Server\120\Tools\Binn\;C:\Program Files\Microsoft SQL Server\120\DTS\Binn\;C:\Program Files (x86)\Microsoft SQL Server\120\Tools\Binn\ManagementStudio\;C:\Program Files (x86)\Microsoft SQL Server\120\DTS\Binn\;C:\Program Files (x86)\Microsoft Visual Studio 12.0\Common7\IDE\PrivateAssemblies\;C:\Program Files\Java\jre1.8.0_221\bin;C:\Program Files (x86)\Java\jdk1.8.0_201\bin;C:\Program Files\Microsoft SQL Server\110\DTS\Binn\;C:\Program Files (x86)\Microsoft SQL Server\110\Tools\Binn\;C:\Program Files\Microsoft SQL Server\110\Tools\Binn\;C:\Program Files (x86)\Microsoft SQL Server\110\Tools\Binn\ManagementStudio\;C:\Program Files (x86)\Microsoft Visual Studio 10.0\Common7\IDE\PrivateAssemblies\;C:\Program Files (x86)\Microsoft SQL Server\110\DTS\Binn\;C:\Program Files\dotnet\;C:\Program Files\Microsoft SQL Server\130\Tools\Binn\;C:\Program Files\Microsoft SQL Server\Client SDK\ODBC\170\Tools\Binn\;C:\Program Files\nodejs\;C:\ProgramData\chocolatey\bin;C:\WINDOWS\System32\OpenSSH\;C:\Program Files\Git\cmd;C:\Users\dell\Downloads\apache-maven-3.6.3-bin\apache-maven-3.6.3\bin;C:\Users\dell\AppData\Local\Microsoft\WindowsApps;C:\Users\dell\AppData\Roaming\npm;C:\Program Files\JetBrains\WebStorm 2020.1.4\bin;;C:\Program Files\JetBrains\IntelliJ IDEA Community Edition 2019.3.2\bin;;C:\Users\dell\AppData\Local\Programs\Microsoft VS Code\bin;C:\Program Files\JetBrains\IntelliJ IDEA 2019.2.3\bin;;C:\Program Files\heroku\bin;C:\Users\dell\Downloads\apache-maven-3.6.3-bin\apache-maven-3.6.3\bin;
USERNAME=dell
OS=Windows_NT
PROCESSOR_IDENTIFIER=Intel64 Family 6 Model 78 Stepping 3, GenuineIntel



---------------  S Y S T E M  ---------------

OS: Windows 10.0 , 64 bit Build 19041 (10.0.19041.804)

CPU:total 4 (initial active 4) (2 cores per cpu, 2 threads per core) family 6 model 78 stepping 3, cmov, cx8, fxsr, mmx, sse, sse2, sse3, ssse3, sse4.1, sse4.2, popcnt, avx, avx2, aes, clmul, erms, rtm, 3dnowpref, lzcnt, ht, tsc, tscinvbit, bmi1, bmi2, adx

Memory: 4k page, physical 8268824k(1096180k free), swap 18154452k(9368k free)

vm_info: Java HotSpot(TM) 64-Bit Server VM (25.241-b07) for windows-amd64 JRE (1.8.0_241-b07), built on Dec 11 2019 10:21:40 by "rejava" with MS VC++ 10.0 (VS2010)

time: Tue Mar 09 18:18:40 2021
timezone: Paris, Madrid
elapsed time: 9 seconds (0d 0h 0m 9s)

